{"/Users/learnacademy/Desktop/BrainBusters/app/javascript/components/mockPosts.js": {"path":"/Users/learnacademy/Desktop/BrainBusters/app/javascript/components/mockPosts.js","statementMap":{"0":{"start":{"line":1,"column":18},"end":{"line":18,"column":3}}},"fnMap":{},"branchMap":{},"s":{"0":1},"f":{},"b":{},"_coverageSchema":"1a1c01bbd47fc00a2c39e90264f33305004495a9","hash":"5f4b81cc060528acf655b49b40d430d4a3be84c3"}
,"/Users/learnacademy/Desktop/BrainBusters/app/javascript/components/components/Footer.js": {"path":"/Users/learnacademy/Desktop/BrainBusters/app/javascript/components/components/Footer.js","statementMap":{"0":{"start":{"line":4,"column":15},"end":{"line":17,"column":1}},"1":{"start":{"line":5,"column":2},"end":{"line":16,"column":3}}},"fnMap":{"0":{"name":"(anonymous_0)","decl":{"start":{"line":4,"column":15},"end":{"line":4,"column":16}},"loc":{"start":{"line":4,"column":21},"end":{"line":17,"column":1}},"line":4}},"branchMap":{},"s":{"0":1,"1":3},"f":{"0":3},"b":{},"_coverageSchema":"1a1c01bbd47fc00a2c39e90264f33305004495a9","hash":"ee147d7addf1f3776e7cd7a475b1af304d9c1af6"}
,"/Users/learnacademy/Desktop/BrainBusters/app/javascript/components/components/Header.js": {"path":"/Users/learnacademy/Desktop/BrainBusters/app/javascript/components/components/Header.js","statementMap":{"0":{"start":{"line":4,"column":15},"end":{"line":12,"column":1}},"1":{"start":{"line":6,"column":1},"end":{"line":10,"column":2}}},"fnMap":{"0":{"name":"(anonymous_0)","decl":{"start":{"line":4,"column":15},"end":{"line":4,"column":16}},"loc":{"start":{"line":4,"column":26},"end":{"line":12,"column":1}},"line":4}},"branchMap":{},"s":{"0":1,"1":3},"f":{"0":3},"b":{},"_coverageSchema":"1a1c01bbd47fc00a2c39e90264f33305004495a9","hash":"d47fafc2d45f9dbe225ffe71d356a7b4603389b7"}
,"/Users/learnacademy/Desktop/BrainBusters/app/javascript/components/components/Navigation.js": {"path":"/Users/learnacademy/Desktop/BrainBusters/app/javascript/components/components/Navigation.js","statementMap":{"0":{"start":{"line":6,"column":19},"end":{"line":67,"column":1}},"1":{"start":{"line":14,"column":4},"end":{"line":66,"column":5}}},"fnMap":{"0":{"name":"(anonymous_0)","decl":{"start":{"line":6,"column":19},"end":{"line":6,"column":20}},"loc":{"start":{"line":12,"column":6},"end":{"line":67,"column":1}},"line":12}},"branchMap":{"0":{"loc":{"start":{"line":26,"column":17},"end":{"line":49,"column":17}},"type":"binary-expr","locations":[{"start":{"line":26,"column":17},"end":{"line":26,"column":26}},{"start":{"line":27,"column":16},"end":{"line":48,"column":19}}],"line":26},"1":{"loc":{"start":{"line":50,"column":17},"end":{"line":56,"column":17}},"type":"binary-expr","locations":[{"start":{"line":50,"column":17},"end":{"line":50,"column":27}},{"start":{"line":51,"column":16},"end":{"line":55,"column":26}}],"line":50},"2":{"loc":{"start":{"line":57,"column":17},"end":{"line":63,"column":17}},"type":"binary-expr","locations":[{"start":{"line":57,"column":17},"end":{"line":57,"column":27}},{"start":{"line":58,"column":16},"end":{"line":62,"column":26}}],"line":57}},"s":{"0":2,"1":6},"f":{"0":6},"b":{"0":[6,0],"1":[6,6],"2":[6,6]},"_coverageSchema":"1a1c01bbd47fc00a2c39e90264f33305004495a9","hash":"864121f0be17206702d54a97a773908bb312ec5b"}
,"/Users/learnacademy/Desktop/BrainBusters/app/javascript/components/pages/Home.js": {"path":"/Users/learnacademy/Desktop/BrainBusters/app/javascript/components/pages/Home.js","statementMap":{"0":{"start":{"line":3,"column":13},"end":{"line":9,"column":1}},"1":{"start":{"line":4,"column":2},"end":{"line":8,"column":3}}},"fnMap":{"0":{"name":"(anonymous_0)","decl":{"start":{"line":3,"column":13},"end":{"line":3,"column":14}},"loc":{"start":{"line":3,"column":19},"end":{"line":9,"column":1}},"line":3}},"branchMap":{},"s":{"0":1,"1":1},"f":{"0":1},"b":{},"_coverageSchema":"1a1c01bbd47fc00a2c39e90264f33305004495a9","hash":"bbaa410abebf1306cb3cd91b343a61645a9f5e7d"}
,"/Users/learnacademy/Desktop/BrainBusters/app/javascript/components/pages/MyPost.js": {"path":"/Users/learnacademy/Desktop/BrainBusters/app/javascript/components/pages/MyPost.js","statementMap":{"0":{"start":{"line":3,"column":15},"end":{"line":10,"column":1}},"1":{"start":{"line":5,"column":2},"end":{"line":9,"column":3}}},"fnMap":{"0":{"name":"(anonymous_0)","decl":{"start":{"line":3,"column":15},"end":{"line":3,"column":16}},"loc":{"start":{"line":3,"column":21},"end":{"line":10,"column":1}},"line":3}},"branchMap":{},"s":{"0":1,"1":1},"f":{"0":1},"b":{},"_coverageSchema":"1a1c01bbd47fc00a2c39e90264f33305004495a9","hash":"fd51b86972609b2088bae3319a708f2dee598b26"}
,"/Users/learnacademy/Desktop/BrainBusters/app/javascript/components/pages/NotFound.js": {"path":"/Users/learnacademy/Desktop/BrainBusters/app/javascript/components/pages/NotFound.js","statementMap":{"0":{"start":{"line":3,"column":17},"end":{"line":10,"column":1}},"1":{"start":{"line":5,"column":2},"end":{"line":9,"column":3}}},"fnMap":{"0":{"name":"(anonymous_0)","decl":{"start":{"line":3,"column":17},"end":{"line":3,"column":18}},"loc":{"start":{"line":3,"column":23},"end":{"line":10,"column":1}},"line":3}},"branchMap":{},"s":{"0":1,"1":1},"f":{"0":1},"b":{},"_coverageSchema":"1a1c01bbd47fc00a2c39e90264f33305004495a9","hash":"571fb2e341917561c8cd734c14f15c12f35d3978"}
,"/Users/learnacademy/Desktop/BrainBusters/app/javascript/components/pages/PostEdit.js": {"path":"/Users/learnacademy/Desktop/BrainBusters/app/javascript/components/pages/PostEdit.js","statementMap":{"0":{"start":{"line":3,"column":17},"end":{"line":10,"column":1}},"1":{"start":{"line":5,"column":2},"end":{"line":9,"column":3}}},"fnMap":{"0":{"name":"(anonymous_0)","decl":{"start":{"line":3,"column":17},"end":{"line":3,"column":18}},"loc":{"start":{"line":3,"column":23},"end":{"line":10,"column":1}},"line":3}},"branchMap":{},"s":{"0":1,"1":1},"f":{"0":1},"b":{},"_coverageSchema":"1a1c01bbd47fc00a2c39e90264f33305004495a9","hash":"e53dc8be955ce9eeeb045633d4f31dc1317a48d3"}
,"/Users/learnacademy/Desktop/BrainBusters/app/javascript/components/pages/PostIndex.js": {"path":"/Users/learnacademy/Desktop/BrainBusters/app/javascript/components/pages/PostIndex.js","statementMap":{"0":{"start":{"line":5,"column":18},"end":{"line":32,"column":1}},"1":{"start":{"line":6,"column":2},"end":{"line":31,"column":3}},"2":{"start":{"line":10,"column":8},"end":{"line":28,"column":9}}},"fnMap":{"0":{"name":"(anonymous_0)","decl":{"start":{"line":5,"column":18},"end":{"line":5,"column":19}},"loc":{"start":{"line":5,"column":31},"end":{"line":32,"column":1}},"line":5},"1":{"name":"(anonymous_1)","decl":{"start":{"line":9,"column":18},"end":{"line":9,"column":19}},"loc":{"start":{"line":9,"column":33},"end":{"line":29,"column":7}},"line":9}},"branchMap":{},"s":{"0":1,"1":2,"2":2},"f":{"0":2,"1":2},"b":{},"_coverageSchema":"1a1c01bbd47fc00a2c39e90264f33305004495a9","hash":"b3c692befbc73b651e3f53a3449dc281b8ac19c3"}
,"/Users/learnacademy/Desktop/BrainBusters/app/javascript/components/pages/PostNew.js": {"path":"/Users/learnacademy/Desktop/BrainBusters/app/javascript/components/pages/PostNew.js","statementMap":{"0":{"start":{"line":3,"column":16},"end":{"line":10,"column":1}},"1":{"start":{"line":5,"column":2},"end":{"line":9,"column":3}}},"fnMap":{"0":{"name":"(anonymous_0)","decl":{"start":{"line":3,"column":16},"end":{"line":3,"column":17}},"loc":{"start":{"line":3,"column":22},"end":{"line":10,"column":1}},"line":3}},"branchMap":{},"s":{"0":1,"1":1},"f":{"0":1},"b":{},"_coverageSchema":"1a1c01bbd47fc00a2c39e90264f33305004495a9","hash":"31f89be3fb052566597ae6834664b9a82c68fa32"}
,"/Users/learnacademy/Desktop/BrainBusters/app/javascript/components/pages/PostShow.js": {"path":"/Users/learnacademy/Desktop/BrainBusters/app/javascript/components/pages/PostShow.js","statementMap":{"0":{"start":{"line":3,"column":17},"end":{"line":10,"column":1}},"1":{"start":{"line":5,"column":2},"end":{"line":9,"column":3}}},"fnMap":{"0":{"name":"(anonymous_0)","decl":{"start":{"line":3,"column":17},"end":{"line":3,"column":18}},"loc":{"start":{"line":3,"column":23},"end":{"line":10,"column":1}},"line":3}},"branchMap":{},"s":{"0":1,"1":1},"f":{"0":1},"b":{},"_coverageSchema":"1a1c01bbd47fc00a2c39e90264f33305004495a9","hash":"0f22f66862f08cda14de6ebc810dbdfe78865807"}
}
